# JRE version: Java(TM) SE Runtime Environment (8.0_31-b13) (build 1.8.0_31-b13)
# Java VM: Java HotSpot(TM) Client VM (25.31-b07 mixed mode windows-x86 )
Heap:
 def new generation   total 4928K, used 3918K [0x03e00000, 0x04350000, 0x09350000)
  eden space 4416K,  81% used [0x03e00000, 0x04188ed8, 0x04250000)
  from space 512K,  58% used [0x04250000, 0x0429aac0, 0x042d0000)
  to   space 512K,   0% used [0x042d0000, 0x042d0000, 0x04350000)
 tenured generation   total 10944K, used 1943K [0x09350000, 0x09e00000, 0x13e00000)
   the space 10944K,  17% used [0x09350000, 0x09535cb8, 0x09535e00, 0x09e00000)
 Metaspace       used 4660K, capacity 4697K, committed 4736K, reserved 5504K
GC Heap History (10 events):
Event: 0.969 GC heap before
{Heap before GC invocations=1 (full 0):
 def new generation   total 4928K, used 4928K [0x03e00000, 0x04350000, 0x09350000)
  eden space 4416K, 100% used [0x03e00000, 0x04250000, 0x04250000)
  from space 512K, 100% used [0x042d0000, 0x04350000, 0x04350000)
  to   space 512K,   0% used [0x04250000, 0x04250000, 0x042d0000)
 tenured generation   total 10944K, used 671K [0x09350000, 0x09e00000, 0x13e00000)
   the space 10944K,   6% used [0x09350000, 0x093f7ee8, 0x093f8000, 0x09e00000)
 Metaspace       used 3439K, capacity 3508K, committed 3520K, reserved 4480K
Event: 0.974 GC heap after
Heap after GC invocations=2 (full 0):
 def new generation   total 4928K, used 511K [0x03e00000, 0x04350000, 0x09350000)
  eden space 4416K,   0% used [0x03e00000, 0x03e00000, 0x04250000)
  from space 512K,  99% used [0x04250000, 0x042cfff8, 0x042d0000)
  to   space 512K,   0% used [0x042d0000, 0x042d0000, 0x04350000)
 tenured generation   total 10944K, used 1343K [0x09350000, 0x09e00000, 0x13e00000)
   the space 10944K,  12% used [0x09350000, 0x0949fd58, 0x0949fe00, 0x09e00000)
 Metaspace       used 3439K, capacity 3508K, committed 3520K, reserved 4480K
}
Event: 1.165 GC heap before
{Heap before GC invocations=2 (full 0):
 def new generation   total 4928K, used 4927K [0x03e00000, 0x04350000, 0x09350000)
  eden space 4416K, 100% used [0x03e00000, 0x04250000, 0x04250000)
  from space 512K,  99% used [0x04250000, 0x042cfff8, 0x042d0000)
  to   space 512K,   0% used [0x042d0000, 0x042d0000, 0x04350000)
 tenured generation   total 10944K, used 1343K [0x09350000, 0x09e00000, 0x13e00000)
   the space 10944K,  12% used [0x09350000, 0x0949fd58, 0x0949fe00, 0x09e00000)
 Metaspace       used 3963K, capacity 4020K, committed 4032K, reserved 4480K
Event: 1.167 GC heap after
Heap after GC invocations=3 (full 0):
 def new generation   total 4928K, used 511K [0x03e00000, 0x04350000, 0x09350000)
  eden space 4416K,   0% used [0x03e00000, 0x03e00000, 0x04250000)
  from space 512K,  99% used [0x042d0000, 0x0434fff8, 0x04350000)
  to   space 512K,   0% used [0x04250000, 0x04250000, 0x042d0000)
 tenured generation   total 10944K, used 1543K [0x09350000, 0x09e00000, 0x13e00000)
   the space 10944K,  14% used [0x09350000, 0x094d1ce0, 0x094d1e00, 0x09e00000)
 Metaspace       used 3963K, capacity 4020K, committed 4032K, reserved 4480K
}
Event: 1.316 GC heap before
{Heap before GC invocations=3 (full 0):
 def new generation   total 4928K, used 4927K [0x03e00000, 0x04350000, 0x09350000)
  eden space 4416K, 100% used [0x03e00000, 0x04250000, 0x04250000)
  from space 512K,  99% used [0x042d0000, 0x0434fff8, 0x04350000)
  to   space 512K,   0% used [0x04250000, 0x04250000, 0x042d0000)
 tenured generation   total 10944K, used 1543K [0x09350000, 0x09e00000, 0x13e00000)
   the space 10944K,  14% used [0x09350000, 0x094d1ce0, 0x094d1e00, 0x09e00000)
 Metaspace       used 4234K, capacity 4308K, committed 4416K, reserved 4480K
Event: 1.318 GC heap after
Heap after GC invocations=4 (full 0):
 def new generation   total 4928K, used 476K [0x03e00000, 0x04350000, 0x09350000)
  eden space 4416K,   0% used [0x03e00000, 0x03e00000, 0x04250000)
  from space 512K,  93% used [0x04250000, 0x042c71f8, 0x042d0000)
  to   space 512K,   0% used [0x042d0000, 0x042d0000, 0x04350000)
 tenured generation   total 10944K, used 1664K [0x09350000, 0x09e00000, 0x13e00000)
   the space 10944K,  15% used [0x09350000, 0x094f00e0, 0x094f0200, 0x09e00000)
 Metaspace       used 4234K, capacity 4308K, committed 4416K, reserved 4480K
}
Event: 1.377 GC heap before
{Heap before GC invocations=4 (full 0):
 def new generation   total 4928K, used 4892K [0x03e00000, 0x04350000, 0x09350000)
  eden space 4416K, 100% used [0x03e00000, 0x04250000, 0x04250000)
  from space 512K,  93% used [0x04250000, 0x042c71f8, 0x042d0000)
  to   space 512K,   0% used [0x042d0000, 0x042d0000, 0x04350000)
 tenured generation   total 10944K, used 1664K [0x09350000, 0x09e00000, 0x13e00000)
   the space 10944K,  15% used [0x09350000, 0x094f00e0, 0x094f0200, 0x09e00000)
 Metaspace       used 4309K, capacity 4372K, committed 4416K, reserved 4480K
Event: 1.379 GC heap after
Heap after GC invocations=5 (full 0):
 def new generation   total 4928K, used 321K [0x03e00000, 0x04350000, 0x09350000)
  eden space 4416K,   0% used [0x03e00000, 0x03e00000, 0x04250000)
  from space 512K,  62% used [0x042d0000, 0x04320528, 0x04350000)
  to   space 512K,   0% used [0x04250000, 0x04250000, 0x042d0000)
 tenured generation   total 10944K, used 1823K [0x09350000, 0x09e00000, 0x13e00000)
   the space 10944K,  16% used [0x09350000, 0x09517e08, 0x09518000, 0x09e00000)
 Metaspace       used 4309K, capacity 4372K, committed 4416K, reserved 4480K
}
Event: 1.464 GC heap before
{Heap before GC invocations=5 (full 0):
 def new generation   total 4928K, used 4737K [0x03e00000, 0x04350000, 0x09350000)
  eden space 4416K, 100% used [0x03e00000, 0x04250000, 0x04250000)
  from space 512K,  62% used [0x042d0000, 0x04320528, 0x04350000)
  to   space 512K,   0% used [0x04250000, 0x04250000, 0x042d0000)
 tenured generation   total 10944K, used 1823K [0x09350000, 0x09e00000, 0x13e00000)
   the space 10944K,  16% used [0x09350000, 0x09517e08, 0x09518000, 0x09e00000)
 Metaspace       used 4436K, capacity 4502K, committed 4608K, reserved 5504K
Event: 1.466 GC heap after
Heap after GC invocations=6 (full 0):
 def new generation   total 4928K, used 298K [0x03e00000, 0x04350000, 0x09350000)
  eden space 4416K,   0% used [0x03e00000, 0x03e00000, 0x04250000)
  from space 512K,  58% used [0x04250000, 0x0429aac0, 0x042d0000)
  to   space 512K,   0% used [0x042d0000, 0x042d0000, 0x04350000)
 tenured generation   total 10944K, used 1943K [0x09350000, 0x09e00000, 0x13e00000)
   the space 10944K,  17% used [0x09350000, 0x09535cb8, 0x09535e00, 0x09e00000)
 Metaspace       used 4436K, capacity 4502K, committed 4608K, reserved 5504K
}

