# JRE version: Java(TM) SE Runtime Environment (8.0_31-b13) (build 1.8.0_31-b13)
# Java VM: Java HotSpot(TM) Client VM (25.31-b07 mixed mode windows-x86 )
Heap:
 def new generation   total 16128K, used 15595K [0x03e00000, 0x04f70000, 0x09350000)
  eden space 14400K, 100% used [0x03e00000, 0x04c10000, 0x04c10000)
  from space 1728K,  69% used [0x04dc0000, 0x04eeafe8, 0x04f70000)
  to   space 1728K,  13% used [0x04c10000, 0x04c4b558, 0x04dc0000)
 tenured generation   total 35676K, used 28128K [0x09350000, 0x0b627000, 0x13e00000)
   the space 35676K,  78% used [0x09350000, 0x0aec8098, 0x0aec8200, 0x0b627000)
 Metaspace       used 18337K, capacity 18439K, committed 18560K, reserved 18816K
GC Heap History (10 events):
Event: 11.833 GC heap after
Heap after GC invocations=55 (full 3):
 def new generation   total 16128K, used 1728K [0x03e00000, 0x04f70000, 0x09350000)
  eden space 14400K,   0% used [0x03e00000, 0x03e00000, 0x04c10000)
  from space 1728K, 100% used [0x04dc0000, 0x04f70000, 0x04f70000)
  to   space 1728K,   0% used [0x04c10000, 0x04c10000, 0x04dc0000)
 tenured generation   total 35676K, used 21748K [0x09350000, 0x0b627000, 0x13e00000)
   the space 35676K,  60% used [0x09350000, 0x0a88d1a0, 0x0a88d200, 0x0b627000)
 Metaspace       used 18261K, capacity 18372K, committed 18432K, reserved 18816K
}
Event: 12.095 GC heap before
{Heap before GC invocations=55 (full 3):
 def new generation   total 16128K, used 16128K [0x03e00000, 0x04f70000, 0x09350000)
  eden space 14400K, 100% used [0x03e00000, 0x04c10000, 0x04c10000)
  from space 1728K, 100% used [0x04dc0000, 0x04f70000, 0x04f70000)
  to   space 1728K,   0% used [0x04c10000, 0x04c10000, 0x04dc0000)
 tenured generation   total 35676K, used 21748K [0x09350000, 0x0b627000, 0x13e00000)
   the space 35676K,  60% used [0x09350000, 0x0a88d1a0, 0x0a88d200, 0x0b627000)
 Metaspace       used 18288K, capacity 18404K, committed 18560K, reserved 18816K
Event: 12.109 GC heap after
Heap after GC invocations=56 (full 3):
 def new generation   total 16128K, used 1728K [0x03e00000, 0x04f70000, 0x09350000)
  eden space 14400K,   0% used [0x03e00000, 0x03e00000, 0x04c10000)
  from space 1728K, 100% used [0x04c10000, 0x04dc0000, 0x04dc0000)
  to   space 1728K,   0% used [0x04dc0000, 0x04dc0000, 0x04f70000)
 tenured generation   total 35676K, used 23871K [0x09350000, 0x0b627000, 0x13e00000)
   the space 35676K,  66% used [0x09350000, 0x0aa9fde0, 0x0aa9fe00, 0x0b627000)
 Metaspace       used 18288K, capacity 18404K, committed 18560K, reserved 18816K
}
Event: 12.453 GC heap before
{Heap before GC invocations=56 (full 3):
 def new generation   total 16128K, used 16128K [0x03e00000, 0x04f70000, 0x09350000)
  eden space 14400K, 100% used [0x03e00000, 0x04c10000, 0x04c10000)
  from space 1728K, 100% used [0x04c10000, 0x04dc0000, 0x04dc0000)
  to   space 1728K,   0% used [0x04dc0000, 0x04dc0000, 0x04f70000)
 tenured generation   total 35676K, used 23871K [0x09350000, 0x0b627000, 0x13e00000)
   the space 35676K,  66% used [0x09350000, 0x0aa9fde0, 0x0aa9fe00, 0x0b627000)
 Metaspace       used 18318K, capacity 18436K, committed 18560K, reserved 18816K
Event: 12.468 GC heap after
Heap after GC invocations=57 (full 3):
 def new generation   total 16128K, used 1728K [0x03e00000, 0x04f70000, 0x09350000)
  eden space 14400K,   0% used [0x03e00000, 0x03e00000, 0x04c10000)
  from space 1728K, 100% used [0x04dc0000, 0x04f70000, 0x04f70000)
  to   space 1728K,   0% used [0x04c10000, 0x04c10000, 0x04dc0000)
 tenured generation   total 35676K, used 25734K [0x09350000, 0x0b627000, 0x13e00000)
   the space 35676K,  72% used [0x09350000, 0x0ac71948, 0x0ac71a00, 0x0b627000)
 Metaspace       used 18318K, capacity 18436K, committed 18560K, reserved 18816K
}
Event: 12.696 GC heap before
{Heap before GC invocations=57 (full 3):
 def new generation   total 16128K, used 16128K [0x03e00000, 0x04f70000, 0x09350000)
  eden space 14400K, 100% used [0x03e00000, 0x04c10000, 0x04c10000)
  from space 1728K, 100% used [0x04dc0000, 0x04f70000, 0x04f70000)
  to   space 1728K,   0% used [0x04c10000, 0x04c10000, 0x04dc0000)
 tenured generation   total 35676K, used 25734K [0x09350000, 0x0b627000, 0x13e00000)
   the space 35676K,  72% used [0x09350000, 0x0ac71948, 0x0ac71a00, 0x0b627000)
 Metaspace       used 18319K, capacity 18436K, committed 18560K, reserved 18816K
Event: 12.706 GC heap after
Heap after GC invocations=58 (full 3):
 def new generation   total 16128K, used 1532K [0x03e00000, 0x04f70000, 0x09350000)
  eden space 14400K,   0% used [0x03e00000, 0x03e00000, 0x04c10000)
  from space 1728K,  88% used [0x04c10000, 0x04d8f140, 0x04dc0000)
  to   space 1728K,   0% used [0x04dc0000, 0x04dc0000, 0x04f70000)
 tenured generation   total 35676K, used 27098K [0x09350000, 0x0b627000, 0x13e00000)
   the space 35676K,  75% used [0x09350000, 0x0adc6b70, 0x0adc6c00, 0x0b627000)
 Metaspace       used 18319K, capacity 18436K, committed 18560K, reserved 18816K
}
Event: 12.979 GC heap before
{Heap before GC invocations=58 (full 3):
 def new generation   total 16128K, used 15932K [0x03e00000, 0x04f70000, 0x09350000)
  eden space 14400K, 100% used [0x03e00000, 0x04c10000, 0x04c10000)
  from space 1728K,  88% used [0x04c10000, 0x04d8f140, 0x04dc0000)
  to   space 1728K,   0% used [0x04dc0000, 0x04dc0000, 0x04f70000)
 tenured generation   total 35676K, used 27098K [0x09350000, 0x0b627000, 0x13e00000)
   the space 35676K,  75% used [0x09350000, 0x0adc6b70, 0x0adc6c00, 0x0b627000)
 Metaspace       used 18332K, capacity 18436K, committed 18560K, reserved 18816K
Event: 12.988 GC heap after
Heap after GC invocations=59 (full 3):
 def new generation   total 16128K, used 1195K [0x03e00000, 0x04f70000, 0x09350000)
  eden space 14400K,   0% used [0x03e00000, 0x03e00000, 0x04c10000)
  from space 1728K,  69% used [0x04dc0000, 0x04eeafe8, 0x04f70000)
  to   space 1728K,   0% used [0x04c10000, 0x04c10000, 0x04dc0000)
 tenured generation   total 35676K, used 28059K [0x09350000, 0x0b627000, 0x13e00000)
   the space 35676K,  78% used [0x09350000, 0x0aeb6f38, 0x0aeb7000, 0x0b627000)
 Metaspace       used 18332K, capacity 18436K, committed 18560K, reserved 18816K
}
Event: 13.725 GC heap before
{Heap before GC invocations=59 (full 3):
 def new generation   total 16128K, used 15595K [0x03e00000, 0x04f70000, 0x09350000)
  eden space 14400K, 100% used [0x03e00000, 0x04c10000, 0x04c10000)
  from space 1728K,  69% used [0x04dc0000, 0x04eeafe8, 0x04f70000)
  to   space 1728K,   0% used [0x04c10000, 0x04c10000, 0x04dc0000)
 tenured generation   total 35676K, used 28059K [0x09350000, 0x0b627000, 0x13e00000)
   the space 35676K,  78% used [0x09350000, 0x0aeb6f38, 0x0aeb7000, 0x0b627000)
 Metaspace       used 18337K, capacity 18439K, committed 18560K, reserved 18816K

